<?xml version="1.0" encoding="UTF-8"?>
<!-- Generated by org.testng.reporters.JUnitReportReporter -->
<testsuite hostname="LAPTOP-8CLGC0DO" failures="0" tests="1" name="com.mystore.testcase.LoginPageTest" time="14.156" errors="0" timestamp="2024-03-14T10:53:04 IST" skipped="0">
  <testcase classname="com.mystore.testcase.LoginPageTest" name="logintest" time="14.156"/>
  <system-out/>
</testsuite> <!-- com.mystore.testcase.LoginPageTest -->
