<?xml version="1.0" encoding="UTF-8"?>
<!-- Generated by org.testng.reporters.JUnitReportReporter -->
<testsuite hostname="LAPTOP-8CLGC0DO" failures="0" tests="1" name="com.mystore.testcase.AddTOCartPageTest" time="16.107" errors="0" timestamp="2024-03-14T10:53:04 IST" skipped="0">
  <testcase classname="com.mystore.testcase.AddTOCartPageTest" name="verifyProducttoAddInCart" time="16.107"/>
  <system-out/>
</testsuite> <!-- com.mystore.testcase.AddTOCartPageTest -->
