<?xml version="1.0" encoding="UTF-8"?>
<!-- Generated by org.testng.reporters.JUnitReportReporter -->
<testsuite hostname="LAPTOP-8CLGC0DO" failures="0" tests="2" name="com.mystore.testcase.SearchResultPageTest" time="37.281" errors="0" timestamp="2024-03-13T23:01:47 IST" skipped="0">
  <testcase classname="com.mystore.testcase.SearchResultPageTest" name="verifyProductAvailability" time="9.088"/>
  <system-out/>
  <testcase classname="com.mystore.testcase.SearchResultPageTest" name="verifyProductclikable" time="28.193"/>
  <system-out/>
</testsuite> <!-- com.mystore.testcase.SearchResultPageTest -->
