<?xml version="1.0" encoding="UTF-8"?>
<!-- Generated by org.testng.reporters.JUnitReportReporter -->
<testsuite hostname="LAPTOP-8CLGC0DO" failures="0" tests="1" name="com.mystore.testcase.AccountCreationPageTest" time="15.810" errors="0" timestamp="2024-03-13T23:01:47 IST" skipped="0">
  <testcase classname="com.mystore.testcase.AccountCreationPageTest" name="verifyCreateaccountPageTest" time="15.810"/>
  <system-out/>
</testsuite> <!-- com.mystore.testcase.AccountCreationPageTest -->
