<?xml version="1.0" encoding="UTF-8"?>
<!-- Generated by org.testng.reporters.JUnitReportReporter -->
<testsuite hostname="LAPTOP-8CLGC0DO" failures="0" tests="2" name="com.mystore.testcase.IndexPageTest" time="20.146" errors="0" timestamp="2024-03-14T10:53:04 IST" skipped="0">
  <testcase classname="com.mystore.testcase.IndexPageTest" name="verifylogo" time="10.306"/>
  <system-out/>
  <testcase classname="com.mystore.testcase.IndexPageTest" name="verifyTitle" time="9.840"/>
  <system-out/>
</testsuite> <!-- com.mystore.testcase.IndexPageTest -->
