<?xml version="1.0" encoding="UTF-8"?>
<!-- Generated by org.testng.reporters.JUnitReportReporter -->
<testsuite hostname="LAPTOP-8CLGC0DO" failures="0" tests="2" name="com.mystore.testcase.IndexPageTest" time="20.931" errors="0" timestamp="2024-03-13T23:01:47 IST" skipped="0">
  <testcase classname="com.mystore.testcase.IndexPageTest" name="verifyTitle" time="11.995"/>
  <system-out/>
  <testcase classname="com.mystore.testcase.IndexPageTest" name="verifylogo" time="8.936"/>
  <system-out/>
</testsuite> <!-- com.mystore.testcase.IndexPageTest -->
