<?xml version="1.0" encoding="UTF-8"?>
<!-- Generated by org.testng.reporters.JUnitReportReporter -->
<testsuite hostname="LAPTOP-8CLGC0DO" failures="0" tests="1" name="com.mystore.testcase.EndToEndTest" time="30.199" errors="0" timestamp="2024-03-14T10:53:04 IST" skipped="0">
  <testcase classname="com.mystore.testcase.EndToEndTest" name="EndtoEndTest" time="30.199"/>
  <system-out/>
</testsuite> <!-- com.mystore.testcase.EndToEndTest -->
