<?xml version="1.0" encoding="UTF-8"?>
<!-- Generated by org.testng.reporters.JUnitReportReporter -->
<testsuite hostname="LAPTOP-8CLGC0DO" failures="0" tests="2" name="com.mystore.testcase.HomePageTest" time="25.476" errors="0" timestamp="2024-03-14T10:53:04 IST" skipped="0">
  <testcase classname="com.mystore.testcase.HomePageTest" name="verifyWishLisTest" time="13.906"/>
  <system-out/>
  <testcase classname="com.mystore.testcase.HomePageTest" name="Orderhistorydetails" time="11.570"/>
  <system-out/>
</testsuite> <!-- com.mystore.testcase.HomePageTest -->
