<?xml version="1.0" encoding="UTF-8"?>
<!-- Generated by org.testng.reporters.JUnitReportReporter -->
<testsuite hostname="LAPTOP-8CLGC0DO" failures="0" tests="1" name="com.mystore.testcase.AddTOCartPageTest" time="22.911" errors="0" timestamp="2024-03-13T23:01:47 IST" skipped="0">
  <testcase classname="com.mystore.testcase.AddTOCartPageTest" name="verifyProducttoAddInCart" time="22.911"/>
  <system-out/>
</testsuite> <!-- com.mystore.testcase.AddTOCartPageTest -->
